Info: constrained 'CLK' to bel 'X12/Y31/io1'
Info: constrained 'BTN_N' to bel 'X16/Y0/io0'
Info: constrained 'LEDR_N' to bel 'X17/Y0/io0'
Info: constrained 'LEDG_N' to bel 'X13/Y31/io0'
Info: constrained 'tft_scl' to bel 'X18/Y31/io1'
Info: constrained 'tft_sda' to bel 'X19/Y31/io1'
Info: constrained 'tft_res' to bel 'X18/Y0/io1'
Info: constrained 'tft_dc' to bel 'X21/Y0/io1'
Info: constrained 'tft_cs' to bel 'X18/Y31/io0'
Info: constrained 'tft_blk' to bel 'X19/Y31/io0'
Info: constrained 'cam_siod' to bel 'X9/Y0/io0'
Info: constrained 'cam_href' to bel 'X8/Y0/io0'
Info: constrained 'cam_xclk' to bel 'X6/Y0/io0'
Info: constrained 'cam_pwdn' to bel 'X7/Y0/io1'
Info: constrained 'cam_sioc' to bel 'X9/Y0/io1'
Info: constrained 'cam_vsync' to bel 'X7/Y0/io0'
Info: constrained 'cam_pclk' to bel 'X5/Y0/io0'
Info: constrained 'cam_rst_n' to bel 'X6/Y0/io1'
Info: constrained 'cam_d[0]' to bel 'X9/Y31/io0'
Info: constrained 'cam_d[1]' to bel 'X8/Y31/io1'
Info: constrained 'cam_d[2]' to bel 'X13/Y31/io1'
Info: constrained 'cam_d[3]' to bel 'X16/Y31/io1'
Info: constrained 'cam_d[4]' to bel 'X8/Y31/io0'
Info: constrained 'cam_d[5]' to bel 'X9/Y31/io1'
Info: constrained 'cam_d[6]' to bel 'X16/Y31/io0'
Info: constrained 'cam_d[7]' to bel 'X17/Y31/io0'

Info: Packing constants..
Info: Packing IOs..
Info: cam_siod feeds SB_IO cam_siod_io, removing $nextpnr_iobuf cam_siod.
Info: Packing LUT-FFs..
Info:      379 LCs used as LUT4 only
Info:      243 LCs used as LUT4 and DFF
Info: Packing non-LUT FFs..
Info:      132 LCs used as DFF only
Info: Packing carries..
Info:       38 LCs used as CARRY only
Info: Packing indirect carry+LUT pairs...
Info:        1 LUTs merged into carry LCs
Info: Packing RAMs..
Info: Placing PLLs..
Info:   constrained PLL 'g_pll.pll' to X12/Y31/pll_3
Info: Packing special functions..
Info: Packing PLLs..
Info:   PLL 'g_pll.pll' has LOCK output, need to pass all outputs via LUT
Info:   constrained 'pll_lock_SB_LUT4_I2_LC' to X1/Y30/lc0
Info: Promoting globals..
Info: promoting cam_rst_n_SB_LUT4_I3_O [reset] (fanout 183)
Info: promoting capture.frame_sync_SB_LUT4_I2_1_O[1] [reset] (fanout 27)
Info: promoting pll_lock_SB_LUT4_I2_O[0] [reset] (fanout 19)
Info: promoting display.dly_ms_SB_DFFSS_Q_D_SB_LUT4_O_I3_SB_LUT4_O_1_I0_SB_LUT4_I3_O_SB_LUT4_I2_O [reset] (fanout 16)
Info: promoting camera_config.sh_shift_q_SB_LUT4_I3_O [cen] (fanout 27)
Info: promoting capture.frame_sync_SB_LUT4_I2_O [cen] (fanout 17)
Info: promoting display.state_SB_DFF_Q_D_SB_LUT4_O_I2_SB_LUT4_I2_O [cen] (fanout 17)
Info: Constraining chains...
Info:       23 LCs used to legalise carry chains.
Info: Checksum: 0xa6834788

Info: Device utilisation:
Info: 	         ICESTORM_LC:     816/   5280    15%
Info: 	        ICESTORM_RAM:       2/     30     6%
Info: 	               SB_IO:      26/     39    66%
Info: 	               SB_GB:       8/      8   100%
Info: 	        ICESTORM_PLL:       1/      1   100%
Info: 	         SB_WARMBOOT:       0/      1     0%
Info: 	        ICESTORM_DSP:       0/      8     0%
Info: 	      ICESTORM_HFOSC:       0/      1     0%
Info: 	      ICESTORM_LFOSC:       0/      1     0%
Info: 	              SB_I2C:       0/      2     0%
Info: 	              SB_SPI:       0/      2     0%
Info: 	              IO_I3C:       0/      2     0%
Info: 	         SB_LEDDA_IP:       0/      1     0%
Info: 	         SB_RGBA_DRV:       0/      1     0%
Info: 	      ICESTORM_SPRAM:       0/      4     0%

Info: Placed 29 cells based on constraints.
Info: Creating initial analytic placement for 650 cells, random placement wirelen = 19383.
Info:     at initial placer iter 0, wirelen = 717
Info:     at initial placer iter 1, wirelen = 658
Info:     at initial placer iter 2, wirelen = 650
Info:     at initial placer iter 3, wirelen = 607
Info: Running main analytical placer, max placement attempts per cell = 90951.
Info:     at iteration #1, type ALL: wirelen solved = 624, spread = 2890, legal = 3728; time = 0.01s
Info:     at iteration #2, type ALL: wirelen solved = 737, spread = 2601, legal = 3401; time = 0.04s
Info:     at iteration #3, type ALL: wirelen solved = 830, spread = 2408, legal = 3122; time = 0.04s
Info:     at iteration #4, type ALL: wirelen solved = 897, spread = 2471, legal = 3450; time = 0.05s
Info:     at iteration #5, type ALL: wirelen solved = 1005, spread = 2295, legal = 3232; time = 0.02s
Info:     at iteration #6, type ALL: wirelen solved = 1060, spread = 2367, legal = 3033; time = 0.00s
Info:     at iteration #7, type ALL: wirelen solved = 1124, spread = 2439, legal = 3080; time = 0.00s
Info:     at iteration #8, type ALL: wirelen solved = 1278, spread = 2623, legal = 3082; time = 0.00s
Info:     at iteration #9, type ALL: wirelen solved = 1386, spread = 2678, legal = 3274; time = 0.01s
Info:     at iteration #10, type ALL: wirelen solved = 1480, spread = 2483, legal = 3140; time = 0.02s
Info:     at iteration #11, type ALL: wirelen solved = 1469, spread = 2320, legal = 2877; time = 0.01s
Info:     at iteration #12, type ALL: wirelen solved = 1445, spread = 2348, legal = 2932; time = 0.01s
Info:     at iteration #13, type ALL: wirelen solved = 1485, spread = 2446, legal = 2995; time = 0.00s
Info:     at iteration #14, type ALL: wirelen solved = 1435, spread = 2504, legal = 3072; time = 0.00s
Info:     at iteration #15, type ALL: wirelen solved = 1551, spread = 2323, legal = 2862; time = 0.00s
Info:     at iteration #16, type ALL: wirelen solved = 1515, spread = 2210, legal = 3196; time = 0.04s
Info:     at iteration #17, type ALL: wirelen solved = 1540, spread = 2339, legal = 3035; time = 0.01s
Info:     at iteration #18, type ALL: wirelen solved = 1616, spread = 2439, legal = 2990; time = 0.00s
Info:     at iteration #19, type ALL: wirelen solved = 1624, spread = 2313, legal = 2878; time = 0.01s
Info:     at iteration #20, type ALL: wirelen solved = 1628, spread = 2314, legal = 3114; time = 0.02s
Info: HeAP Placer Time: 0.34s
Info:   of which solving equations: 0.08s
Info:   of which spreading cells: 0.01s
Info:   of which strict legalisation: 0.22s

Info: Running simulated annealing placer for refinement.
Info:   at iteration #1: temp = 0.000000, timing cost = 131, wirelen = 2862
Info:   at iteration #5: temp = 0.000000, timing cost = 119, wirelen = 2466
Info:   at iteration #10: temp = 0.000000, timing cost = 107, wirelen = 2372
Info:   at iteration #15: temp = 0.000000, timing cost = 93, wirelen = 2287
Info:   at iteration #18: temp = 0.000000, timing cost = 100, wirelen = 2228 
Info: SA placement time 0.12s

Info: Max frequency for clock 'clk_sys': 28.82 MHz (FAIL at 39.00 MHz)

Info: Clock '$PACKER_GND_NET' has no interior paths

Info: Max delay <async>         -> posedge clk_sys: 7.39 ns
Info: Max delay posedge clk_sys -> <async>        : 14.57 ns

Info: Slack histogram:
Info:  legend: * represents 3 endpoint(s)
Info:          + represents [1,3) endpoint(s)
Info: [ -9063,  -7490) |****+
Info: [ -7490,  -5917) | 
Info: [ -5917,  -4344) | 
Info: [ -4344,  -2771) | 
Info: [ -2771,  -1198) |*****************+
Info: [ -1198,    375) |********************************************+
Info: [   375,   1948) |**+
Info: [  1948,   3521) |********+
Info: [  3521,   5094) |***************************************+
Info: [  5094,   6667) |********************+
Info: [  6667,   8240) |**************+
Info: [  8240,   9813) |*****+
Info: [  9813,  11386) |****+
Info: [ 11386,  12959) |******+
Info: [ 12959,  14532) |********+
Info: [ 14532,  16105) |*************+
Info: [ 16105,  17678) |**************************+
Info: [ 17678,  19251) |****************************+
Info: [ 19251,  20824) |************************************************************ 
Info: [ 20824,  22397) |**********************************************************+
Info: Checksum: 0x818282ee

Info: Routing..
Info: Setting up routing queue.
Info: Routing 2730 arcs.
Info:            |   (re-)routed arcs  |   delta    | remaining|       time spent     |
Info:    IterCnt |  w/ripup   wo/ripup |  w/r  wo/r |      arcs| batch(sec) total(sec)|
Info:       1000 |       35        950 |   35   950 |      1820|       0.26       0.26|
Info:       2000 |      148       1755 |  113   805 |       972|       0.03       0.28|
Info:       3000 |      325       2527 |  177   772 |       211|       0.05       0.33|
Info:       3283 |      356       2778 |   31   251 |         0|       0.09       0.42|
Info: Routing complete.
Info: Router1 time 0.42s
Info: Checksum: 0xccd5bccb

Info: Critical path report for clock 'clk_sys' (posedge -> posedge):
Info:       type curr  total name
Info:   clk-to-q  1.39  1.39 Source pll_lock_SB_LUT4_I2_I3_SB_DFF_Q_DFFLC.O
Info:    routing  1.76  3.15 Net pll_lock_SB_LUT4_I2_I3[1] (2,30) -> (1,30)
Info:                          Sink pll_lock_SB_LUT4_I2_LC.I3
Info:                          Defined in:
Info:                               /Users/arthur/Downloads/oss-cad-suite/libexec/../share/yosys/ice40/cells_map.v:6.21-6.22
Info:      logic  0.87  4.03 Source pll_lock_SB_LUT4_I2_LC.O
Info:    routing  5.65  9.67 Net pll_lock_SB_LUT4_I2_O[0] (1,30) -> (2,7)
Info:                          Sink cam_rst_n_SB_LUT4_O_LC.I2
Info:                          Defined in:
Info:                               /Users/arthur/Downloads/oss-cad-suite/libexec/../share/yosys/ice40/cells_map.v:6.21-6.22
Info:      logic  1.21  10.88 Source cam_rst_n_SB_LUT4_O_LC.O
Info:    routing  3.49  14.37 Net cam_rst_n$SB_IO_OUT (2,7) -> (10,4)
Info:                          Sink display.dly_ms_SB_DFFSS_Q_D_SB_LUT4_O_I3_SB_LUT4_O_1_I0_SB_LUT4_I3_O_SB_LUT4_I2_LC.I3
Info:                          Defined in:
Info:                               /Users/arthur/Downloads/oss-cad-suite/libexec/../share/yosys/ice40/cells_map.v:6.21-6.22
Info:      logic  0.87  15.25 Source display.dly_ms_SB_DFFSS_Q_D_SB_LUT4_O_I3_SB_LUT4_O_1_I0_SB_LUT4_I3_O_SB_LUT4_I2_LC.O
Info:    routing  6.18  21.43 Net display.dly_ms_SB_DFFSS_Q_D_SB_LUT4_O_I3_SB_LUT4_O_1_I0_SB_LUT4_I3_O_SB_LUT4_I2_O (10,4) -> (12,31)
Info:                          Sink $gbuf_display.dly_ms_SB_DFFSS_Q_D_SB_LUT4_O_I3_SB_LUT4_O_1_I0_SB_LUT4_I3_O_SB_LUT4_I2_O_$glb_sr.USER_SIGNAL_TO_GLOBAL_BUFFER
Info:      logic  1.59  23.01 Source $gbuf_display.dly_ms_SB_DFFSS_Q_D_SB_LUT4_O_I3_SB_LUT4_O_1_I0_SB_LUT4_I3_O_SB_LUT4_I2_O_$glb_sr.GLOBAL_BUFFER_OUTPUT
Info:    routing  0.63  23.65 Net display.dly_ms_SB_DFFSS_Q_D_SB_LUT4_O_I3_SB_LUT4_O_1_I0_SB_LUT4_I3_O_SB_LUT4_I2_O_$glb_sr (12,31) -> (9,1)
Info:                          Sink display.ms_div_SB_DFFSR_Q_10_D_SB_LUT4_O_LC.SR
Info:      setup  0.10  23.75 Source display.ms_div_SB_DFFSR_Q_10_D_SB_LUT4_O_LC.SR
Info: 6.03 ns logic, 17.72 ns routing

Info: Critical path report for cross-domain path '<async>' -> 'posedge clk_sys':
Info:       type curr  total name
Info:     source  0.00  0.00 Source BTN_N$sb_io.D_IN_0
Info:    routing  6.74  6.74 Net BTN_N$SB_IO_IN (16,0) -> (8,24)
Info:                          Sink BTN_N_SB_LUT4_I3_LC.I3
Info:                          Defined in:
Info:                               icebreaker_st7789_top.v:19.23-19.28
Info:      setup  0.82  7.56 Source BTN_N_SB_LUT4_I3_LC.I3
Info: 0.82 ns logic, 6.74 ns routing

Info: Critical path report for cross-domain path 'posedge clk_sys' -> '<async>':
Info:       type curr  total name
Info:   clk-to-q  1.39  1.39 Source display.state_SB_DFF_Q_5_D_SB_LUT4_O_LC.O
Info:    routing  1.76  3.15 Net display.state[10] (8,6) -> (7,6)
Info:                          Sink tft_cs_SB_LUT4_O_I3_SB_LUT4_O_I3_SB_LUT4_O_LC.I0
Info:                          Defined in:
Info:                               /Users/arthur/Downloads/oss-cad-suite/libexec/../share/yosys/ice40/cells_map.v:6.21-6.22
Info:      logic  1.28  4.43 Source tft_cs_SB_LUT4_O_I3_SB_LUT4_O_I3_SB_LUT4_O_LC.O
Info:    routing  1.76  6.20 Net tft_cs_SB_LUT4_O_I3_SB_LUT4_O_I3[3] (7,6) -> (7,6)
Info:                          Sink tft_cs_SB_LUT4_O_I3_SB_LUT4_O_LC.I3
Info:                          Defined in:
Info:                               /Users/arthur/Downloads/oss-cad-suite/libexec/../share/yosys/ice40/cells_map.v:6.21-6.22
Info:      logic  0.87  7.07 Source tft_cs_SB_LUT4_O_I3_SB_LUT4_O_LC.O
Info:    routing  1.76  8.83 Net tft_cs_SB_LUT4_O_I3[3] (7,6) -> (7,6)
Info:                          Sink tft_cs_SB_LUT4_O_LC.I3
Info:                          Defined in:
Info:                               /Users/arthur/Downloads/oss-cad-suite/libexec/../share/yosys/ice40/cells_map.v:6.21-6.22
Info:      logic  0.87  9.70 Source tft_cs_SB_LUT4_O_LC.O
Info:    routing  7.60  17.30 Net tft_cs$SB_IO_OUT (7,6) -> (18,31)
Info:                          Sink tft_cs$sb_io.D_OUT_0
Info:                          Defined in:
Info:                               /Users/arthur/Downloads/oss-cad-suite/libexec/../share/yosys/ice40/cells_map.v:6.21-6.22
Info: 4.42 ns logic, 12.88 ns routing

Info: Max frequency for clock 'clk_sys': 42.11 MHz (PASS at 39.00 MHz)

Info: Clock '$PACKER_GND_NET' has no interior paths

Info: Max delay <async>         -> posedge clk_sys: 7.56 ns
Info: Max delay posedge clk_sys -> <async>        : 17.30 ns

Info: Slack histogram:
Info:  legend: * represents 4 endpoint(s)
Info:          + represents [1,4) endpoint(s)
Info: [  1891,   2916) |*****+
Info: [  2916,   3941) |****+
Info: [  3941,   4966) |*********+
Info: [  4966,   5991) |*****************+
Info: [  5991,   7016) |******************************************************+
Info: [  7016,   8041) |******************** 
Info: [  8041,   9066) |*****************+
Info: [  9066,  10091) |*****+
Info: [ 10091,  11116) |***************+
Info: [ 11116,  12141) |**+
Info: [ 12141,  13166) |***+
Info: [ 13166,  14191) |*****+
Info: [ 14191,  15216) |*********** 
Info: [ 15216,  16241) |*****************+
Info: [ 16241,  17266) |******************* 
Info: [ 17266,  18291) |**********+
Info: [ 18291,  19316) |******************+
Info: [ 19316,  20341) |**************************************+
Info: [ 20341,  21366) |************************************************************ 
Info: [ 21366,  22391) |********** 

Info: Program finished normally.
